<?xml version="1.0" encoding="UTF-8"?>
<!-- Generated by org.testng.reporters.JUnitXMLReporter -->
<testsuite ignored="2" hostname="Tarik" failures="0" tests="2" name="Test" time="25.728" errors="0" timestamp="2024-07-24T18:00:53 IST">
  <testcase classname="com.Web_Automation.LoginTest" name="loginWithValidCredentials" time="2.323"/>
  <testcase classname="com.Web_Automation.LoginTest" name="verifyLoginBtnIsDisable" time="0.053"/>
  <testcase classname="com.Web_Automation.LoginTest" name="verifyErrErrorMsg" time="0.0">
    <ignored/>
  </testcase> <!-- verifyErrErrorMsg -->
  <testcase classname="com.Web_Automation.LoginTest" name="verifyEmailErrorMsg" time="0.0">
    <ignored/>
  </testcase> <!-- verifyEmailErrorMsg -->
</testsuite> <!-- Test -->
