<?xml version="1.0" encoding="UTF-8"?>
<!-- Generated by org.testng.reporters.JUnitXMLReporter -->
<testsuite ignored="2" hostname="Tarik" failures="2" tests="2" name="Regression" time="10.181" errors="0" timestamp="2024-04-25T16:20:30 IST">
  <testcase classname="com.chargeSavvy.SavvyLoginTest" name="loginWithValidCredentials" time="5.065">
    <failure type="java.lang.NullPointerException" message="Cannot invoke &amp;quot;com.chargeSavvy.SavvyLoginPage.verifyLoginTxt(String)&amp;quot; because &amp;quot;this.savvy&amp;quot; is null">
      <![CDATA[java.lang.NullPointerException: Cannot invoke "com.chargeSavvy.SavvyLoginPage.verifyLoginTxt(String)" because "this.savvy" is null
at com.chargeSavvy.SavvyLoginTest.loginWithValidCredentials(SavvyLoginTest.java:42)
at java.base/java.util.ArrayList.forEach(ArrayList.java:1511)
... Removed 27 stack frames]]>
    </failure>
  </testcase> <!-- loginWithValidCredentials -->
  <testcase classname="com.chargeSavvy.SavvyLoginTest" name="verifyPwdRequireErrMsg" time="5.009">
    <failure type="java.lang.NullPointerException" message="Cannot invoke &amp;quot;com.chargeSavvy.SavvyLoginPage.VerifyPwdRequiredErrMsg()&amp;quot; because &amp;quot;this.savvy&amp;quot; is null">
      <![CDATA[java.lang.NullPointerException: Cannot invoke "com.chargeSavvy.SavvyLoginPage.VerifyPwdRequiredErrMsg()" because "this.savvy" is null
at com.chargeSavvy.SavvyLoginTest.verifyPwdRequireErrMsg(SavvyLoginTest.java:64)
at java.base/java.util.ArrayList.forEach(ArrayList.java:1511)
... Removed 27 stack frames]]>
    </failure>
  </testcase> <!-- verifyPwdRequireErrMsg -->
  <testcase classname="com.chargeSavvy.SavvyLoginTest" name="verifyUserRequireErrMsg" time="0.0">
    <ignored/>
  </testcase> <!-- verifyUserRequireErrMsg -->
  <testcase classname="com.chargeSavvy.SavvyLoginTest" name="verifyUserNameAndPwdRequireMsg" time="0.0">
    <ignored/>
  </testcase> <!-- verifyUserNameAndPwdRequireMsg -->
</testsuite> <!-- Regression -->
