<?xml version="1.0" encoding="UTF-8"?>
<testng-results ignored="0" total="1" passed="1" failed="0" skipped="0">
  <reporter-output>
  </reporter-output>
  <suite started-at="2024-07-25T12:49:12 IST" name="Default suite" finished-at="2024-07-25T12:49:22 IST" duration-ms="10289">
    <groups>
    </groups>
    <test started-at="2024-07-25T12:49:12 IST" name="Default test" finished-at="2024-07-25T12:49:22 IST" duration-ms="10289">
      <class name="com.Web_Automation.RadioBtnTest">
        <test-method is-config="true" signature="setup()[pri:0, instance:com.Web_Automation.RadioBtnTest@573906eb]" started-at="2024-07-25T12:49:12 IST" name="setup" finished-at="2024-07-25T12:49:21 IST" duration-ms="9109" status="PASS">
          <reporter-output>
          </reporter-output>
        </test-method> <!-- setup -->
        <test-method signature="verifyRadioBtnIsSelected()[pri:0, instance:com.Web_Automation.RadioBtnTest@573906eb]" started-at="2024-07-25T12:49:21 IST" name="verifyRadioBtnIsSelected" finished-at="2024-07-25T12:49:21 IST" duration-ms="403" status="PASS">
          <reporter-output>
          </reporter-output>
        </test-method> <!-- verifyRadioBtnIsSelected -->
        <test-method is-config="true" signature="closeBrowser()[pri:0, instance:com.Web_Automation.RadioBtnTest@573906eb]" started-at="2024-07-25T12:49:21 IST" name="closeBrowser" finished-at="2024-07-25T12:49:22 IST" duration-ms="566" status="PASS">
          <reporter-output>
          </reporter-output>
        </test-method> <!-- closeBrowser -->
      </class> <!-- com.Web_Automation.RadioBtnTest -->
    </test> <!-- Default test -->
  </suite> <!-- Default suite -->
</testng-results>
